# JRE version: Java(TM) SE Runtime Environment (8.0_121-b13) (build 1.8.0_121-b13)
# Java VM: Java HotSpot(TM) 64-Bit Server VM (25.121-b13 mixed mode linux-amd64 compressed oops)
Heap:
 def new generation   total 2000960K, used 1083141K [0x00000005cc000000, 0x0000000653b20000, 0x0000000672aa0000)
  eden space 1778688K,  53% used [0x00000005cc000000, 0x00000006059ac7b0, 0x0000000638900000)
  from space 222272K,  62% used [0x0000000638900000, 0x0000000641114e68, 0x0000000646210000)
  to   space 222272K,   0% used [0x0000000646210000, 0x0000000646210000, 0x0000000653b20000)
 tenured generation   total 4446444K, used 3170367K [0x0000000672aa0000, 0x00000007820db000, 0x00000007c0000000)
   the space 4446444K,  71% used [0x0000000672aa0000, 0x00000007342afd38, 0x00000007342afe00, 0x00000007820db000)
 Metaspace       used 4866K, capacity 5322K, committed 5504K, reserved 1056768K
  class space    used 526K, capacity 562K, committed 640K, reserved 1048576K
GC Heap History (10 events):
Event: 5573.424 GC heap before
{Heap before GC invocations=1709 (full 16):
 def new generation   total 2000960K, used 2000960K [0x00000005cc000000, 0x0000000653b20000, 0x0000000672aa0000)
  eden space 1778688K, 100% used [0x00000005cc000000, 0x0000000638900000, 0x0000000638900000)
  from space 222272K, 100% used [0x0000000646210000, 0x0000000653b20000, 0x0000000653b20000)
  to   space 222272K,   0% used [0x0000000638900000, 0x0000000638900000, 0x0000000646210000)
 tenured generation   total 4446444K, used 3011483K [0x0000000672aa0000, 0x00000007820db000, 0x00000007c0000000)
   the space 4446444K,  67% used [0x0000000672aa0000, 0x000000072a786c40, 0x000000072a786e00, 0x00000007820db000)
 Metaspace       used 4865K, capacity 5322K, committed 5504K, reserved 1056768K
  class space    used 526K, capacity 562K, committed 640K, reserved 1048576K
Event: 5574.486 GC heap after
Heap after GC invocations=1710 (full 16):
 def new generation   total 2000960K, used 25569K [0x00000005cc000000, 0x0000000653b20000, 0x0000000672aa0000)
  eden space 1778688K,   0% used [0x00000005cc000000, 0x00000005cc000000, 0x0000000638900000)
  from space 222272K,  11% used [0x0000000638900000, 0x000000063a1f8410, 0x0000000646210000)
  to   space 222272K,   0% used [0x0000000646210000, 0x0000000646210000, 0x0000000653b20000)
 tenured generation   total 4446444K, used 3170367K [0x0000000672aa0000, 0x00000007820db000, 0x00000007c0000000)
   the space 4446444K,  71% used [0x0000000672aa0000, 0x00000007342afd38, 0x00000007342afe00, 0x00000007820db000)
 Metaspace       used 4865K, capacity 5322K, committed 5504K, reserved 1056768K
  class space    used 526K, capacity 562K, committed 640K, reserved 1048576K
}
Event: 5587.969 GC heap before
{Heap before GC invocations=1710 (full 16):
 def new generation   total 2000960K, used 1804257K [0x00000005cc000000, 0x0000000653b20000, 0x0000000672aa0000)
  eden space 1778688K, 100% used [0x00000005cc000000, 0x0000000638900000, 0x0000000638900000)
  from space 222272K,  11% used [0x0000000638900000, 0x000000063a1f8410, 0x0000000646210000)
  to   space 222272K,   0% used [0x0000000646210000, 0x0000000646210000, 0x0000000653b20000)
 tenured generation   total 4446444K, used 3170367K [0x0000000672aa0000, 0x00000007820db000, 0x00000007c0000000)
   the space 4446444K,  71% used [0x0000000672aa0000, 0x00000007342afd38, 0x00000007342afe00, 0x00000007820db000)
 Metaspace       used 4866K, capacity 5322K, committed 5504K, reserved 1056768K
  class space    used 526K, capacity 562K, committed 640K, reserved 1048576K
Event: 5588.214 GC heap after
Heap after GC invocations=1711 (full 16):
 def new generation   total 2000960K, used 67311K [0x00000005cc000000, 0x0000000653b20000, 0x0000000672aa0000)
  eden space 1778688K,   0% used [0x00000005cc000000, 0x00000005cc000000, 0x0000000638900000)
  from space 222272K,  30% used [0x0000000646210000, 0x000000064a3cbc98, 0x0000000653b20000)
  to   space 222272K,   0% used [0x0000000638900000, 0x0000000638900000, 0x0000000646210000)
 tenured generation   total 4446444K, used 3170367K [0x0000000672aa0000, 0x00000007820db000, 0x00000007c0000000)
   the space 4446444K,  71% used [0x0000000672aa0000, 0x00000007342afd38, 0x00000007342afe00, 0x00000007820db000)
 Metaspace       used 4866K, capacity 5322K, committed 5504K, reserved 1056768K
  class space    used 526K, capacity 562K, committed 640K, reserved 1048576K
}
Event: 5601.868 GC heap before
{Heap before GC invocations=1711 (full 16):
 def new generation   total 2000960K, used 1845999K [0x00000005cc000000, 0x0000000653b20000, 0x0000000672aa0000)
  eden space 1778688K, 100% used [0x00000005cc000000, 0x0000000638900000, 0x0000000638900000)
  from space 222272K,  30% used [0x0000000646210000, 0x000000064a3cbc98, 0x0000000653b20000)
  to   space 222272K,   0% used [0x0000000638900000, 0x0000000638900000, 0x0000000646210000)
 tenured generation   total 4446444K, used 3170367K [0x0000000672aa0000, 0x00000007820db000, 0x00000007c0000000)
   the space 4446444K,  71% used [0x0000000672aa0000, 0x00000007342afd38, 0x00000007342afe00, 0x00000007820db000)
 Metaspace       used 4866K, capacity 5322K, committed 5504K, reserved 1056768K
  class space    used 526K, capacity 562K, committed 640K, reserved 1048576K
Event: 5601.973 GC heap after
Heap after GC invocations=1712 (full 16):
 def new generation   total 2000960K, used 82482K [0x00000005cc000000, 0x0000000653b20000, 0x0000000672aa0000)
  eden space 1778688K,   0% used [0x00000005cc000000, 0x00000005cc000000, 0x0000000638900000)
  from space 222272K,  37% used [0x0000000638900000, 0x000000063d98ca28, 0x0000000646210000)
  to   space 222272K,   0% used [0x0000000646210000, 0x0000000646210000, 0x0000000653b20000)
 tenured generation   total 4446444K, used 3170367K [0x0000000672aa0000, 0x00000007820db000, 0x00000007c0000000)
   the space 4446444K,  71% used [0x0000000672aa0000, 0x00000007342afd38, 0x00000007342afe00, 0x00000007820db000)
 Metaspace       used 4866K, capacity 5322K, committed 5504K, reserved 1056768K
  class space    used 526K, capacity 562K, committed 640K, reserved 1048576K
}
Event: 5616.969 GC heap before
{Heap before GC invocations=1712 (full 16):
 def new generation   total 2000960K, used 1861170K [0x00000005cc000000, 0x0000000653b20000, 0x0000000672aa0000)
  eden space 1778688K, 100% used [0x00000005cc000000, 0x0000000638900000, 0x0000000638900000)
  from space 222272K,  37% used [0x0000000638900000, 0x000000063d98ca28, 0x0000000646210000)
  to   space 222272K,   0% used [0x0000000646210000, 0x0000000646210000, 0x0000000653b20000)
 tenured generation   total 4446444K, used 3170367K [0x0000000672aa0000, 0x00000007820db000, 0x00000007c0000000)
   the space 4446444K,  71% used [0x0000000672aa0000, 0x00000007342afd38, 0x00000007342afe00, 0x00000007820db000)
 Metaspace       used 4866K, capacity 5322K, committed 5504K, reserved 1056768K
  class space    used 526K, capacity 562K, committed 640K, reserved 1048576K
Event: 5617.114 GC heap after
Heap after GC invocations=1713 (full 16):
 def new generation   total 2000960K, used 109572K [0x00000005cc000000, 0x0000000653b20000, 0x0000000672aa0000)
  eden space 1778688K,   0% used [0x00000005cc000000, 0x00000005cc000000, 0x0000000638900000)
  from space 222272K,  49% used [0x0000000646210000, 0x000000064cd11248, 0x0000000653b20000)
  to   space 222272K,   0% used [0x0000000638900000, 0x0000000638900000, 0x0000000646210000)
 tenured generation   total 4446444K, used 3170367K [0x0000000672aa0000, 0x00000007820db000, 0x00000007c0000000)
   the space 4446444K,  71% used [0x0000000672aa0000, 0x00000007342afd38, 0x00000007342afe00, 0x00000007820db000)
 Metaspace       used 4866K, capacity 5322K, committed 5504K, reserved 1056768K
  class space    used 526K, capacity 562K, committed 640K, reserved 1048576K
}
Event: 5630.244 GC heap before
{Heap before GC invocations=1713 (full 16):
 def new generation   total 2000960K, used 1888260K [0x00000005cc000000, 0x0000000653b20000, 0x0000000672aa0000)
  eden space 1778688K, 100% used [0x00000005cc000000, 0x0000000638900000, 0x0000000638900000)
  from space 222272K,  49% used [0x0000000646210000, 0x000000064cd11248, 0x0000000653b20000)
  to   space 222272K,   0% used [0x0000000638900000, 0x0000000638900000, 0x0000000646210000)
 tenured generation   total 4446444K, used 3170367K [0x0000000672aa0000, 0x00000007820db000, 0x00000007c0000000)
   the space 4446444K,  71% used [0x0000000672aa0000, 0x00000007342afd38, 0x00000007342afe00, 0x00000007820db000)
 Metaspace       used 4866K, capacity 5322K, committed 5504K, reserved 1056768K
  class space    used 526K, capacity 562K, committed 640K, reserved 1048576K
Event: 5630.577 GC heap after
Heap after GC invocations=1714 (full 16):
 def new generation   total 2000960K, used 139347K [0x00000005cc000000, 0x0000000653b20000, 0x0000000672aa0000)
  eden space 1778688K,   0% used [0x00000005cc000000, 0x00000005cc000000, 0x0000000638900000)
  from space 222272K,  62% used [0x0000000638900000, 0x0000000641114e68, 0x0000000646210000)
  to   space 222272K,   0% used [0x0000000646210000, 0x0000000646210000, 0x0000000653b20000)
 tenured generation   total 4446444K, used 3170367K [0x0000000672aa0000, 0x00000007820db000, 0x00000007c0000000)
   the space 4446444K,  71% used [0x0000000672aa0000, 0x00000007342afd38, 0x00000007342afe00, 0x00000007820db000)
 Metaspace       used 4866K, capacity 5322K, committed 5504K, reserved 1056768K
  class space    used 526K, capacity 562K, committed 640K, reserved 1048576K
}

