# JRE version: Java(TM) SE Runtime Environment (8.0_121-b13) (build 1.8.0_121-b13)
# Java VM: Java HotSpot(TM) 64-Bit Server VM (25.121-b13 mixed mode linux-amd64 compressed oops)
Heap:
 def new generation   total 533632K, used 73621K [0x00000005cc000000, 0x00000005f0300000, 0x0000000672aa0000)
  eden space 474368K,   4% used [0x00000005cc000000, 0x00000005cd287b38, 0x00000005e8f40000)
  from space 59264K,  92% used [0x00000005e8f40000, 0x00000005ec49da88, 0x00000005ec920000)
  to   space 59264K,   0% used [0x00000005ec920000, 0x00000005ec920000, 0x00000005f0300000)
 tenured generation   total 1185676K, used 764975K [0x0000000672aa0000, 0x00000006bb083000, 0x00000007c0000000)
   the space 1185676K,  64% used [0x0000000672aa0000, 0x00000006a15abc48, 0x00000006a15abe00, 0x00000006bb083000)
 Metaspace       used 3295K, capacity 4856K, committed 5120K, reserved 1056768K
  class space    used 346K, capacity 424K, committed 512K, reserved 1048576K
GC Heap History (10 events):
Event: 11.557 GC heap before
{Heap before GC invocations=79 (full 4):
 def new generation   total 319808K, used 316313K [0x00000005cc000000, 0x00000005e1b00000, 0x0000000672aa0000)
  eden space 284288K, 100% used [0x00000005cc000000, 0x00000005dd5a0000, 0x00000005dd5a0000)
  from space 35520K,  90% used [0x00000005df850000, 0x00000005e1796550, 0x00000005e1b00000)
  to   space 35520K,   0% used [0x00000005dd5a0000, 0x00000005dd5a0000, 0x00000005df850000)
 tenured generation   total 710520K, used 634288K [0x0000000672aa0000, 0x000000069e07e000, 0x00000007c0000000)
   the space 710520K,  89% used [0x0000000672aa0000, 0x000000069960c1c0, 0x000000069960c200, 0x000000069e07e000)
 Metaspace       used 3290K, capacity 4856K, committed 5120K, reserved 1056768K
  class space    used 345K, capacity 424K, committed 512K, reserved 1048576K
Event: 12.911 GC heap after
Heap after GC invocations=80 (full 5):
 def new generation   total 533632K, used 0K [0x00000005cc000000, 0x00000005f0300000, 0x0000000672aa0000)
  eden space 474368K,   0% used [0x00000005cc000000, 0x00000005cc000000, 0x00000005e8f40000)
  from space 59264K,   0% used [0x00000005e8f40000, 0x00000005e8f40000, 0x00000005ec920000)
  to   space 59264K,   0% used [0x00000005ec920000, 0x00000005ec920000, 0x00000005f0300000)
 tenured generation   total 1185676K, used 711403K [0x0000000672aa0000, 0x00000006bb083000, 0x00000007c0000000)
   the space 1185676K,  59% used [0x0000000672aa0000, 0x000000069e15afd0, 0x000000069e15b000, 0x00000006bb083000)
 Metaspace       used 3290K, capacity 4856K, committed 5120K, reserved 1056768K
  class space    used 345K, capacity 424K, committed 512K, reserved 1048576K
}
Event: 13.148 GC heap before
{Heap before GC invocations=80 (full 5):
 def new generation   total 533632K, used 474368K [0x00000005cc000000, 0x00000005f0300000, 0x0000000672aa0000)
  eden space 474368K, 100% used [0x00000005cc000000, 0x00000005e8f40000, 0x00000005e8f40000)
  from space 59264K,   0% used [0x00000005e8f40000, 0x00000005e8f40000, 0x00000005ec920000)
  to   space 59264K,   0% used [0x00000005ec920000, 0x00000005ec920000, 0x00000005f0300000)
 tenured generation   total 1185676K, used 711403K [0x0000000672aa0000, 0x00000006bb083000, 0x00000007c0000000)
   the space 1185676K,  59% used [0x0000000672aa0000, 0x000000069e15afd0, 0x000000069e15b000, 0x00000006bb083000)
 Metaspace       used 3290K, capacity 4856K, committed 5120K, reserved 1056768K
  class space    used 345K, capacity 424K, committed 512K, reserved 1048576K
Event: 13.263 GC heap after
Heap after GC invocations=81 (full 5):
 def new generation   total 533632K, used 26726K [0x00000005cc000000, 0x00000005f0300000, 0x0000000672aa0000)
  eden space 474368K,   0% used [0x00000005cc000000, 0x00000005cc000000, 0x00000005e8f40000)
  from space 59264K,  45% used [0x00000005ec920000, 0x00000005ee339950, 0x00000005f0300000)
  to   space 59264K,   0% used [0x00000005e8f40000, 0x00000005e8f40000, 0x00000005ec920000)
 tenured generation   total 1185676K, used 711403K [0x0000000672aa0000, 0x00000006bb083000, 0x00000007c0000000)
   the space 1185676K,  59% used [0x0000000672aa0000, 0x000000069e15afd0, 0x000000069e15b000, 0x00000006bb083000)
 Metaspace       used 3290K, capacity 4856K, committed 5120K, reserved 1056768K
  class space    used 345K, capacity 424K, committed 512K, reserved 1048576K
}
Event: 13.491 GC heap before
{Heap before GC invocations=81 (full 5):
 def new generation   total 533632K, used 501094K [0x00000005cc000000, 0x00000005f0300000, 0x0000000672aa0000)
  eden space 474368K, 100% used [0x00000005cc000000, 0x00000005e8f40000, 0x00000005e8f40000)
  from space 59264K,  45% used [0x00000005ec920000, 0x00000005ee339950, 0x00000005f0300000)
  to   space 59264K,   0% used [0x00000005e8f40000, 0x00000005e8f40000, 0x00000005ec920000)
 tenured generation   total 1185676K, used 711403K [0x0000000672aa0000, 0x00000006bb083000, 0x00000007c0000000)
   the space 1185676K,  59% used [0x0000000672aa0000, 0x000000069e15afd0, 0x000000069e15b000, 0x00000006bb083000)
 Metaspace       used 3290K, capacity 4856K, committed 5120K, reserved 1056768K
  class space    used 345K, capacity 424K, committed 512K, reserved 1048576K
Event: 13.611 GC heap after
Heap after GC invocations=82 (full 5):
 def new generation   total 533632K, used 53571K [0x00000005cc000000, 0x00000005f0300000, 0x0000000672aa0000)
  eden space 474368K,   0% used [0x00000005cc000000, 0x00000005cc000000, 0x00000005e8f40000)
  from space 59264K,  90% used [0x00000005e8f40000, 0x00000005ec390d80, 0x00000005ec920000)
  to   space 59264K,   0% used [0x00000005ec920000, 0x00000005ec920000, 0x00000005f0300000)
 tenured generation   total 1185676K, used 711403K [0x0000000672aa0000, 0x00000006bb083000, 0x00000007c0000000)
   the space 1185676K,  59% used [0x0000000672aa0000, 0x000000069e15afd0, 0x000000069e15b000, 0x00000006bb083000)
 Metaspace       used 3290K, capacity 4856K, committed 5120K, reserved 1056768K
  class space    used 345K, capacity 424K, committed 512K, reserved 1048576K
}
Event: 13.863 GC heap before
{Heap before GC invocations=82 (full 5):
 def new generation   total 533632K, used 527939K [0x00000005cc000000, 0x00000005f0300000, 0x0000000672aa0000)
  eden space 474368K, 100% used [0x00000005cc000000, 0x00000005e8f40000, 0x00000005e8f40000)
  from space 59264K,  90% used [0x00000005e8f40000, 0x00000005ec390d80, 0x00000005ec920000)
  to   space 59264K,   0% used [0x00000005ec920000, 0x00000005ec920000, 0x00000005f0300000)
 tenured generation   total 1185676K, used 711403K [0x0000000672aa0000, 0x00000006bb083000, 0x00000007c0000000)
   the space 1185676K,  59% used [0x0000000672aa0000, 0x000000069e15afd0, 0x000000069e15b000, 0x00000006bb083000)
 Metaspace       used 3290K, capacity 4856K, committed 5120K, reserved 1056768K
  class space    used 345K, capacity 424K, committed 512K, reserved 1048576K
Event: 14.021 GC heap after
Heap after GC invocations=83 (full 5):
 def new generation   total 533632K, used 53757K [0x00000005cc000000, 0x00000005f0300000, 0x0000000672aa0000)
  eden space 474368K,   0% used [0x00000005cc000000, 0x00000005cc000000, 0x00000005e8f40000)
  from space 59264K,  90% used [0x00000005ec920000, 0x00000005efd9f728, 0x00000005f0300000)
  to   space 59264K,   0% used [0x00000005e8f40000, 0x00000005e8f40000, 0x00000005ec920000)
 tenured generation   total 1185676K, used 738130K [0x0000000672aa0000, 0x00000006bb083000, 0x00000007c0000000)
   the space 1185676K,  62% used [0x0000000672aa0000, 0x000000069fb74888, 0x000000069fb74a00, 0x00000006bb083000)
 Metaspace       used 3290K, capacity 4856K, committed 5120K, reserved 1056768K
  class space    used 345K, capacity 424K, committed 512K, reserved 1048576K
}
Event: 14.266 GC heap before
{Heap before GC invocations=83 (full 5):
 def new generation   total 533632K, used 528125K [0x00000005cc000000, 0x00000005f0300000, 0x0000000672aa0000)
  eden space 474368K, 100% used [0x00000005cc000000, 0x00000005e8f40000, 0x00000005e8f40000)
  from space 59264K,  90% used [0x00000005ec920000, 0x00000005efd9f728, 0x00000005f0300000)
  to   space 59264K,   0% used [0x00000005e8f40000, 0x00000005e8f40000, 0x00000005ec920000)
 tenured generation   total 1185676K, used 738130K [0x0000000672aa0000, 0x00000006bb083000, 0x00000007c0000000)
   the space 1185676K,  62% used [0x0000000672aa0000, 0x000000069fb74888, 0x000000069fb74a00, 0x00000006bb083000)
 Metaspace       used 3290K, capacity 4856K, committed 5120K, reserved 1056768K
  class space    used 345K, capacity 424K, committed 512K, reserved 1048576K
Event: 14.465 GC heap after
Heap after GC invocations=84 (full 5):
 def new generation   total 533632K, used 54646K [0x00000005cc000000, 0x00000005f0300000, 0x0000000672aa0000)
  eden space 474368K,   0% used [0x00000005cc000000, 0x00000005cc000000, 0x00000005e8f40000)
  from space 59264K,  92% used [0x00000005e8f40000, 0x00000005ec49da88, 0x00000005ec920000)
  to   space 59264K,   0% used [0x00000005ec920000, 0x00000005ec920000, 0x00000005f0300000)
 tenured generation   total 1185676K, used 764975K [0x0000000672aa0000, 0x00000006bb083000, 0x00000007c0000000)
   the space 1185676K,  64% used [0x0000000672aa0000, 0x00000006a15abc48, 0x00000006a15abe00, 0x00000006bb083000)
 Metaspace       used 3290K, capacity 4856K, committed 5120K, reserved 1056768K
  class space    used 345K, capacity 424K, committed 512K, reserved 1048576K
}

